Streaming transaction logs mentioning 96BfzA3fBjaR4hotGMZDEX1LhDnPc7UgicGjhGxJbkb5. Confirmed commitment
Transaction executed in slot 381:
  Signature: 63LVqWZcTDGDpm7ykULZ9D5snhBALpycZoqwM3B3hz81rjkywFYYd9Y9ijX1GUeHzE6ZZmUeEhm2egWkBEehpmtF
  Status: Ok
  Log Messages:
    Program 96BfzA3fBjaR4hotGMZDEX1LhDnPc7UgicGjhGxJbkb5 invoke [1]
    Program log: Instruction: InitializePoll
    Program 11111111111111111111111111111111 invoke [2]
    Program 11111111111111111111111111111111 success
    Program 96BfzA3fBjaR4hotGMZDEX1LhDnPc7UgicGjhGxJbkb5 consumed 7899 of 200000 compute units
    Program 96BfzA3fBjaR4hotGMZDEX1LhDnPc7UgicGjhGxJbkb5 success
Transaction executed in slot 382:
  Signature: 27nwsLn1fCCk9CuwnWH95ukveQdeCxENvToeg8YGvw6ABBezWmjx5FuuCToY1BTRHrMNNcZNFsdHZ19kog9cEAk7
  Status: Ok
  Log Messages:
    Program 96BfzA3fBjaR4hotGMZDEX1LhDnPc7UgicGjhGxJbkb5 invoke [1]
    Program log: Instruction: InitializeCandidate
    Program 11111111111111111111111111111111 invoke [2]
    Program 11111111111111111111111111111111 success
    Program 96BfzA3fBjaR4hotGMZDEX1LhDnPc7UgicGjhGxJbkb5 consumed 10802 of 200000 compute units
    Program 96BfzA3fBjaR4hotGMZDEX1LhDnPc7UgicGjhGxJbkb5 success
Transaction executed in slot 383:
  Signature: 5e42sHF3FumxcyAhZc93hsjWXYG3cm5gdBfAAF9u1dwQwBZEPonoTQWaUJa3QkiX35CAfsQqYT78SzgrBYbKTusr
  Status: Ok
  Log Messages:
    Program 96BfzA3fBjaR4hotGMZDEX1LhDnPc7UgicGjhGxJbkb5 invoke [1]
    Program log: Instruction: InitializeCandidate
    Program 11111111111111111111111111111111 invoke [2]
    Program 11111111111111111111111111111111 success
    Program 96BfzA3fBjaR4hotGMZDEX1LhDnPc7UgicGjhGxJbkb5 consumed 10869 of 200000 compute units
    Program 96BfzA3fBjaR4hotGMZDEX1LhDnPc7UgicGjhGxJbkb5 success
Transaction executed in slot 384:
  Signature: 24L9U5V4HJcH3Cnggw3U8fAsHJXfE5wi37Uuo6uriEp7C7cGDMk5zyYqGQUvActBi3PhCf8DcuGUzVz4MxJxbTQF
  Status: Ok
  Log Messages:
    Program 96BfzA3fBjaR4hotGMZDEX1LhDnPc7UgicGjhGxJbkb5 invoke [1]
    Program log: Instruction: Vote
    Program log: Voted for candidate: Smooth
    Program log: Votes: 1
    Program 96BfzA3fBjaR4hotGMZDEX1LhDnPc7UgicGjhGxJbkb5 consumed 7404 of 200000 compute units
    Program 96BfzA3fBjaR4hotGMZDEX1LhDnPc7UgicGjhGxJbkb5 success
